# JRE version: Java(TM) SE Runtime Environment (8.0_131-b11) (build 1.8.0_131-b11)
# Java VM: Java HotSpot(TM) 64-Bit Server VM (25.131-b11 mixed mode bsd-amd64 compressed oops)
Heap:
 PSYoungGen      total 175104K, used 115722K [0x00000007b0000000, 0x00000007c0000000, 0x00000007c0000000)
  eden space 88064K, 68% used [0x00000007b0000000,0x00000007b3ad28c8,0x00000007b5600000)
  from space 87040K, 63% used [0x00000007bab00000,0x00000007be130000,0x00000007c0000000)
  to   space 87040K, 0% used [0x00000007b5600000,0x00000007b5600000,0x00000007bab00000)
 ParOldGen       total 352256K, used 147781K [0x0000000790000000, 0x00000007a5800000, 0x00000007b0000000)
  object space 352256K, 41% used [0x0000000790000000,0x0000000799051460,0x00000007a5800000)
 Metaspace       used 3641K, capacity 4856K, committed 5120K, reserved 1056768K
  class space    used 382K, capacity 424K, committed 512K, reserved 1048576K
GC Heap History (10 events):
Event: 2.129 GC heap before
{Heap before GC invocations=6 (full 1):
 PSYoungGen      total 251392K, used 240640K [0x00000007b0000000, 0x00000007c0000000, 0x00000007c0000000)
  eden space 240640K, 100% used [0x00000007b0000000,0x00000007beb00000,0x00000007beb00000)
  from space 10752K, 0% used [0x00000007bf580000,0x00000007bf580000,0x00000007c0000000)
  to   space 10752K, 0% used [0x00000007beb00000,0x00000007beb00000,0x00000007bf580000)
 ParOldGen       total 261632K, used 68495K [0x0000000790000000, 0x000000079ff80000, 0x00000007b0000000)
  object space 261632K, 26% used [0x0000000790000000,0x00000007942e3db8,0x000000079ff80000)
 Metaspace       used 3597K, capacity 4856K, committed 5120K, reserved 1056768K
  class space    used 382K, capacity 424K, committed 512K, reserved 1048576K
Event: 2.272 GC heap after
Heap after GC invocations=6 (full 1):
 PSYoungGen      total 251392K, used 10752K [0x00000007b0000000, 0x00000007c0000000, 0x00000007c0000000)
  eden space 240640K, 0% used [0x00000007b0000000,0x00000007b0000000,0x00000007beb00000)
  from space 10752K, 100% used [0x00000007beb00000,0x00000007bf580000,0x00000007bf580000)
  to   space 10752K, 0% used [0x00000007bf580000,0x00000007bf580000,0x00000007c0000000)
 ParOldGen       total 261632K, used 173580K [0x0000000790000000, 0x000000079ff80000, 0x00000007b0000000)
  object space 261632K, 66% used [0x0000000790000000,0x000000079a9832f0,0x000000079ff80000)
 Metaspace       used 3597K, capacity 4856K, committed 5120K, reserved 1056768K
  class space    used 382K, capacity 424K, committed 512K, reserved 1048576K
}
Event: 2.272 GC heap before
{Heap before GC invocations=7 (full 2):
 PSYoungGen      total 251392K, used 10752K [0x00000007b0000000, 0x00000007c0000000, 0x00000007c0000000)
  eden space 240640K, 0% used [0x00000007b0000000,0x00000007b0000000,0x00000007beb00000)
  from space 10752K, 100% used [0x00000007beb00000,0x00000007bf580000,0x00000007bf580000)
  to   space 10752K, 0% used [0x00000007bf580000,0x00000007bf580000,0x00000007c0000000)
 ParOldGen       total 261632K, used 173580K [0x0000000790000000, 0x000000079ff80000, 0x00000007b0000000)
  object space 261632K, 66% used [0x0000000790000000,0x000000079a9832f0,0x000000079ff80000)
 Metaspace       used 3597K, capacity 4856K, committed 5120K, reserved 1056768K
  class space    used 382K, capacity 424K, committed 512K, reserved 1048576K
Event: 3.304 GC heap after
Heap after GC invocations=7 (full 2):
 PSYoungGen      total 251392K, used 0K [0x00000007b0000000, 0x00000007c0000000, 0x00000007c0000000)
  eden space 240640K, 0% used [0x00000007b0000000,0x00000007b0000000,0x00000007beb00000)
  from space 10752K, 0% used [0x00000007beb00000,0x00000007beb00000,0x00000007bf580000)
  to   space 10752K, 0% used [0x00000007bf580000,0x00000007bf580000,0x00000007c0000000)
 ParOldGen       total 352256K, used 63865K [0x0000000790000000, 0x00000007a5800000, 0x00000007b0000000)
  object space 352256K, 18% used [0x0000000790000000,0x0000000793e5e738,0x00000007a5800000)
 Metaspace       used 3597K, capacity 4856K, committed 5120K, reserved 1056768K
  class space    used 382K, capacity 424K, committed 512K, reserved 1048576K
}
Event: 3.502 GC heap before
{Heap before GC invocations=8 (full 2):
 PSYoungGen      total 251392K, used 240640K [0x00000007b0000000, 0x00000007c0000000, 0x00000007c0000000)
  eden space 240640K, 100% used [0x00000007b0000000,0x00000007beb00000,0x00000007beb00000)
  from space 10752K, 0% used [0x00000007beb00000,0x00000007beb00000,0x00000007bf580000)
  to   space 10752K, 0% used [0x00000007bf580000,0x00000007bf580000,0x00000007c0000000)
 ParOldGen       total 352256K, used 63865K [0x0000000790000000, 0x00000007a5800000, 0x00000007b0000000)
  object space 352256K, 18% used [0x0000000790000000,0x0000000793e5e738,0x00000007a5800000)
 Metaspace       used 3619K, capacity 4856K, committed 5120K, reserved 1056768K
  class space    used 382K, capacity 424K, committed 512K, reserved 1048576K
Event: 3.610 GC heap after
Heap after GC invocations=8 (full 2):
 PSYoungGen      total 98816K, used 10752K [0x00000007b0000000, 0x00000007c0000000, 0x00000007c0000000)
  eden space 88064K, 0% used [0x00000007b0000000,0x00000007b0000000,0x00000007b5600000)
  from space 10752K, 100% used [0x00000007bf580000,0x00000007c0000000,0x00000007c0000000)
  to   space 87040K, 0% used [0x00000007b5600000,0x00000007b5600000,0x00000007bab00000)
 ParOldGen       total 352256K, used 147781K [0x0000000790000000, 0x00000007a5800000, 0x00000007b0000000)
  object space 352256K, 41% used [0x0000000790000000,0x0000000799051460,0x00000007a5800000)
 Metaspace       used 3619K, capacity 4856K, committed 5120K, reserved 1056768K
  class space    used 382K, capacity 424K, committed 512K, reserved 1048576K
}
Event: 3.673 GC heap before
{Heap before GC invocations=9 (full 2):
 PSYoungGen      total 98816K, used 98816K [0x00000007b0000000, 0x00000007c0000000, 0x00000007c0000000)
  eden space 88064K, 100% used [0x00000007b0000000,0x00000007b5600000,0x00000007b5600000)
  from space 10752K, 100% used [0x00000007bf580000,0x00000007c0000000,0x00000007c0000000)
  to   space 87040K, 0% used [0x00000007b5600000,0x00000007b5600000,0x00000007bab00000)
 ParOldGen       total 352256K, used 147781K [0x0000000790000000, 0x00000007a5800000, 0x00000007b0000000)
  object space 352256K, 41% used [0x0000000790000000,0x0000000799051460,0x00000007a5800000)
 Metaspace       used 3623K, capacity 4856K, committed 5120K, reserved 1056768K
  class space    used 382K, capacity 424K, committed 512K, reserved 1048576K
Event: 3.764 GC heap after
Heap after GC invocations=9 (full 2):
 PSYoungGen      total 175104K, used 43856K [0x00000007b0000000, 0x00000007c0000000, 0x00000007c0000000)
  eden space 88064K, 0% used [0x00000007b0000000,0x00000007b0000000,0x00000007b5600000)
  from space 87040K, 50% used [0x00000007b5600000,0x00000007b80d4010,0x00000007bab00000)
  to   space 87040K, 0% used [0x00000007bab00000,0x00000007bab00000,0x00000007c0000000)
 ParOldGen       total 352256K, used 147781K [0x0000000790000000, 0x00000007a5800000, 0x00000007b0000000)
  object space 352256K, 41% used [0x0000000790000000,0x0000000799051460,0x00000007a5800000)
 Metaspace       used 3623K, capacity 4856K, committed 5120K, reserved 1056768K
  class space    used 382K, capacity 424K, committed 512K, reserved 1048576K
}
Event: 3.852 GC heap before
{Heap before GC invocations=10 (full 2):
 PSYoungGen      total 175104K, used 131920K [0x00000007b0000000, 0x00000007c0000000, 0x00000007c0000000)
  eden space 88064K, 100% used [0x00000007b0000000,0x00000007b5600000,0x00000007b5600000)
  from space 87040K, 50% used [0x00000007b5600000,0x00000007b80d4010,0x00000007bab00000)
  to   space 87040K, 0% used [0x00000007bab00000,0x00000007bab00000,0x00000007c0000000)
 ParOldGen       total 352256K, used 147781K [0x0000000790000000, 0x00000007a5800000, 0x00000007b0000000)
  object space 352256K, 41% used [0x0000000790000000,0x0000000799051460,0x00000007a5800000)
 Metaspace       used 3623K, capacity 4856K, committed 5120K, reserved 1056768K
  class space    used 382K, capacity 424K, committed 512K, reserved 1048576K
Event: 3.978 GC heap after
Heap after GC invocations=10 (full 2):
 PSYoungGen      total 175104K, used 55488K [0x00000007b0000000, 0x00000007c0000000, 0x00000007c0000000)
  eden space 88064K, 0% used [0x00000007b0000000,0x00000007b0000000,0x00000007b5600000)
  from space 87040K, 63% used [0x00000007bab00000,0x00000007be130000,0x00000007c0000000)
  to   space 87040K, 0% used [0x00000007b5600000,0x00000007b5600000,0x00000007bab00000)
 ParOldGen       total 352256K, used 147781K [0x0000000790000000, 0x00000007a5800000, 0x00000007b0000000)
  object space 352256K, 41% used [0x0000000790000000,0x0000000799051460,0x00000007a5800000)
 Metaspace       used 3623K, capacity 4856K, committed 5120K, reserved 1056768K
  class space    used 382K, capacity 424K, committed 512K, reserved 1048576K
}

